2025-11-10 13:02:06 [ERROR]: uncaughtException: write EPIPE
Error: write EPIPE
    at afterWriteDispatched (node:internal/stream_base_commons:159:15)
    at writeGeneric (node:internal/stream_base_commons:150:3)
    at Socket._writeGeneric (node:net:966:11)
    at Socket._write (node:net:978:8)
    at writeOrBuffer (node:internal/streams/writable:572:12)
    at _write (node:internal/streams/writable:501:10)
    at Writable.write (node:internal/streams/writable:510:10)
    at Console.log (/workspaces/telegram_casso/node_modules/winston/lib/winston/transports/console.js:87:23)
    at Console._write (/workspaces/telegram_casso/node_modules/winston-transport/modern.js:103:17)
    at doWrite (/workspaces/telegram_casso/node_modules/readable-stream/lib/_stream_writable.js:390:139)
Error: write EPIPE
    at afterWriteDispatched (node:internal/stream_base_commons:159:15)
    at writeGeneric (node:internal/stream_base_commons:150:3)
    at Socket._writeGeneric (node:net:966:11)
    at Socket._write (node:net:978:8)
    at writeOrBuffer (node:internal/streams/writable:572:12)
    at _write (node:internal/streams/writable:501:10)
    at Writable.write (node:internal/streams/writable:510:10)
    at Console.log (/workspaces/telegram_casso/node_modules/winston/lib/winston/transports/console.js:87:23)
    at Console._write (/workspaces/telegram_casso/node_modules/winston-transport/modern.js:103:17)
    at doWrite (/workspaces/telegram_casso/node_modules/readable-stream/lib/_stream_writable.js:390:139)
{
  "error": {
    "errno": -32,
    "code": "EPIPE",
    "syscall": "write"
  },
  "exception": true,
  "date": "Mon Nov 10 2025 13:02:06 GMT+0000 (Coordinated Universal Time)",
  "process": {
    "pid": 60453,
    "uid": 1000,
    "gid": 1000,
    "cwd": "/workspaces/telegram_casso",
    "execPath": "/usr/local/share/nvm/versions/node/v22.17.0/bin/node",
    "version": "v22.17.0",
    "argv": [
      "/usr/local/share/nvm/versions/node/v22.17.0/bin/node",
      "/workspaces/telegram_casso/src/index.js"
    ],
    "memoryUsage": {
      "rss": 94904320,
      "heapTotal": 38551552,
      "heapUsed": 22715920,
      "external": 2357077,
      "arrayBuffers": 89427
    }
  },
  "os": {
    "loadavg": [
      0.21,
      0.21,
      0.2
    ],
    "uptime": 8055.02
  },
  "trace": [
    {
      "column": 15,
      "file": "node:internal/stream_base_commons",
      "function": "afterWriteDispatched",
      "line": 159,
      "method": null,
      "native": false
    },
    {
      "column": 3,
      "file": "node:internal/stream_base_commons",
      "function": "writeGeneric",
      "line": 150,
      "method": null,
      "native": false
    },
    {
      "column": 11,
      "file": "node:net",
      "function": "Socket._writeGeneric",
      "line": 966,
      "method": "_writeGeneric",
      "native": false
    },
    {
      "column": 8,
      "file": "node:net",
      "function": "Socket._write",
      "line": 978,
      "method": "_write",
      "native": false
    },
    {
      "column": 12,
      "file": "node:internal/streams/writable",
      "function": "writeOrBuffer",
      "line": 572,
      "method": null,
      "native": false
    },
    {
      "column": 10,
      "file": "node:internal/streams/writable",
      "function": "_write",
      "line": 501,
      "method": null,
      "native": false
    },
    {
      "column": 10,
      "file": "node:internal/streams/writable",
      "function": "Writable.write",
      "line": 510,
      "method": "write",
      "native": false
    },
    {
      "column": 23,
      "file": "/workspaces/telegram_casso/node_modules/winston/lib/winston/transports/console.js",
      "function": "Console.log",
      "line": 87,
      "method": "log",
      "native": false
    },
    {
      "column": 17,
      "file": "/workspaces/telegram_casso/node_modules/winston-transport/modern.js",
      "function": "Console._write",
      "line": 103,
      "method": "_write",
      "native": false
    },
    {
      "column": 139,
      "file": "/workspaces/telegram_casso/node_modules/readable-stream/lib/_stream_writable.js",
      "function": "doWrite",
      "line": 390,
      "method": null,
      "native": false
    }
  ]
}
